::1 - - [26/May/2021:17:56:44 +0000] "POST /api/v1/signin HTTP/1.1" 200 382 "-" "insomnia/2021.3.0"
::1 - - [26/May/2021:17:56:44 +0000] "POST /api/v1/signin HTTP/1.1" 200 382 "-" "insomnia/2021.3.0"
::1 - - [26/May/2021:18:20:32 +0000] "GET /api/v1/rooms HTTP/1.1" 200 122 "-" "insomnia/2021.3.0"
::1 - - [26/May/2021:18:20:32 +0000] "GET /api/v1/rooms HTTP/1.1" 200 122 "-" "insomnia/2021.3.0"
::1 - - [26/May/2021:18:21:08 +0000] "GET /api/v1/rooms HTTP/1.1" 401 47 "-" "Mozilla/5.0 (Macintosh; Intel Mac OS X 10_15_7) AppleWebKit/537.36 (KHTML, like Gecko) Chrome/90.0.4430.212 Safari/537.36"
::1 - - [26/May/2021:18:21:08 +0000] "GET /api/v1/rooms HTTP/1.1" 401 47 "-" "Mozilla/5.0 (Macintosh; Intel Mac OS X 10_15_7) AppleWebKit/537.36 (KHTML, like Gecko) Chrome/90.0.4430.212 Safari/537.36"
::1 - - [26/May/2021:18:21:38 +0000] "GET /api/v1/rooms HTTP/1.1" 200 122 "-" "Mozilla/5.0 (Macintosh; Intel Mac OS X 10_15_7) AppleWebKit/537.36 (KHTML, like Gecko) Chrome/90.0.4430.212 Safari/537.36"
::1 - - [26/May/2021:18:21:38 +0000] "GET /api/v1/rooms HTTP/1.1" 200 122 "-" "Mozilla/5.0 (Macintosh; Intel Mac OS X 10_15_7) AppleWebKit/537.36 (KHTML, like Gecko) Chrome/90.0.4430.212 Safari/537.36"
::1 - - [26/May/2021:18:22:32 +0000] "GET /api/v1/rooms HTTP/1.1" 304 - "-" "Mozilla/5.0 (Macintosh; Intel Mac OS X 10_15_7) AppleWebKit/537.36 (KHTML, like Gecko) Chrome/90.0.4430.212 Safari/537.36"
::1 - - [26/May/2021:18:22:32 +0000] "GET /api/v1/rooms HTTP/1.1" 304 - "-" "Mozilla/5.0 (Macintosh; Intel Mac OS X 10_15_7) AppleWebKit/537.36 (KHTML, like Gecko) Chrome/90.0.4430.212 Safari/537.36"
::1 - - [26/May/2021:18:28:21 +0000] "GET /api/v1/rooms HTTP/1.1" 500 61 "-" "Mozilla/5.0 (Macintosh; Intel Mac OS X 10_15_7) AppleWebKit/537.36 (KHTML, like Gecko) Chrome/90.0.4430.212 Safari/537.36"
::1 - - [26/May/2021:18:28:21 +0000] "GET /api/v1/rooms HTTP/1.1" 500 61 "-" "Mozilla/5.0 (Macintosh; Intel Mac OS X 10_15_7) AppleWebKit/537.36 (KHTML, like Gecko) Chrome/90.0.4430.212 Safari/537.36"
::1 - - [26/May/2021:18:28:27 +0000] "GET /api/v1/rooms HTTP/1.1" 500 61 "-" "Mozilla/5.0 (Macintosh; Intel Mac OS X 10_15_7) AppleWebKit/537.36 (KHTML, like Gecko) Chrome/90.0.4430.212 Safari/537.36"
::1 - - [26/May/2021:18:28:27 +0000] "GET /api/v1/rooms HTTP/1.1" 500 61 "-" "Mozilla/5.0 (Macintosh; Intel Mac OS X 10_15_7) AppleWebKit/537.36 (KHTML, like Gecko) Chrome/90.0.4430.212 Safari/537.36"
::1 - - [26/May/2021:18:30:34 +0000] "GET /api/v1/rooms HTTP/1.1" 200 122 "-" "Mozilla/5.0 (Macintosh; Intel Mac OS X 10_15_7) AppleWebKit/537.36 (KHTML, like Gecko) Chrome/90.0.4430.212 Safari/537.36"
::1 - - [26/May/2021:18:30:34 +0000] "GET /api/v1/rooms HTTP/1.1" 200 122 "-" "Mozilla/5.0 (Macintosh; Intel Mac OS X 10_15_7) AppleWebKit/537.36 (KHTML, like Gecko) Chrome/90.0.4430.212 Safari/537.36"
::1 - - [26/May/2021:18:31:37 +0000] "GET /api/v1/rooms HTTP/1.1" 500 61 "-" "Mozilla/5.0 (Macintosh; Intel Mac OS X 10_15_7) AppleWebKit/537.36 (KHTML, like Gecko) Chrome/90.0.4430.212 Safari/537.36"
::1 - - [26/May/2021:18:31:37 +0000] "GET /api/v1/rooms HTTP/1.1" 500 61 "-" "Mozilla/5.0 (Macintosh; Intel Mac OS X 10_15_7) AppleWebKit/537.36 (KHTML, like Gecko) Chrome/90.0.4430.212 Safari/537.36"
::1 - - [26/May/2021:18:34:03 +0000] "GET /api/v1/rooms HTTP/1.1" 500 61 "-" "Mozilla/5.0 (Macintosh; Intel Mac OS X 10_15_7) AppleWebKit/537.36 (KHTML, like Gecko) Chrome/90.0.4430.212 Safari/537.36"
::1 - - [26/May/2021:18:34:03 +0000] "GET /api/v1/rooms HTTP/1.1" 500 61 "-" "Mozilla/5.0 (Macintosh; Intel Mac OS X 10_15_7) AppleWebKit/537.36 (KHTML, like Gecko) Chrome/90.0.4430.212 Safari/537.36"
::1 - - [26/May/2021:18:34:06 +0000] "GET /api/v1/rooms HTTP/1.1" 500 61 "-" "Mozilla/5.0 (Macintosh; Intel Mac OS X 10_15_7) AppleWebKit/537.36 (KHTML, like Gecko) Chrome/90.0.4430.212 Safari/537.36"
::1 - - [26/May/2021:18:34:06 +0000] "GET /api/v1/rooms HTTP/1.1" 500 61 "-" "Mozilla/5.0 (Macintosh; Intel Mac OS X 10_15_7) AppleWebKit/537.36 (KHTML, like Gecko) Chrome/90.0.4430.212 Safari/537.36"
::1 - - [26/May/2021:18:35:08 +0000] "GET /api/v1/rooms HTTP/1.1" 500 61 "-" "Mozilla/5.0 (Macintosh; Intel Mac OS X 10_15_7) AppleWebKit/537.36 (KHTML, like Gecko) Chrome/90.0.4430.212 Safari/537.36"
::1 - - [26/May/2021:18:35:08 +0000] "GET /api/v1/rooms HTTP/1.1" 500 61 "-" "Mozilla/5.0 (Macintosh; Intel Mac OS X 10_15_7) AppleWebKit/537.36 (KHTML, like Gecko) Chrome/90.0.4430.212 Safari/537.36"
::1 - - [26/May/2021:18:35:51 +0000] "GET /api/v1/rooms HTTP/1.1" 500 99 "-" "Mozilla/5.0 (Macintosh; Intel Mac OS X 10_15_7) AppleWebKit/537.36 (KHTML, like Gecko) Chrome/90.0.4430.212 Safari/537.36"
::1 - - [26/May/2021:18:35:51 +0000] "GET /api/v1/rooms HTTP/1.1" 500 99 "-" "Mozilla/5.0 (Macintosh; Intel Mac OS X 10_15_7) AppleWebKit/537.36 (KHTML, like Gecko) Chrome/90.0.4430.212 Safari/537.36"
::1 - - [26/May/2021:18:44:17 +0000] "POST /api/v1/signin HTTP/1.1" 200 382 "-" "insomnia/2021.3.0"
::1 - - [26/May/2021:18:44:17 +0000] "POST /api/v1/signin HTTP/1.1" 200 382 "-" "insomnia/2021.3.0"
::1 - - [26/May/2021:18:45:59 +0000] "GET /api/v1/rooms HTTP/1.1" 401 47 "-" "Mozilla/5.0 (Macintosh; Intel Mac OS X 10_15_7) AppleWebKit/537.36 (KHTML, like Gecko) Chrome/90.0.4430.212 Safari/537.36"
::1 - - [26/May/2021:18:45:59 +0000] "GET /api/v1/rooms HTTP/1.1" 401 47 "-" "Mozilla/5.0 (Macintosh; Intel Mac OS X 10_15_7) AppleWebKit/537.36 (KHTML, like Gecko) Chrome/90.0.4430.212 Safari/537.36"
::1 - - [26/May/2021:18:51:42 +0000] "GET /api/v1/rooms/:id/members HTTP/1.1" 404 163 "-" "Mozilla/5.0 (Macintosh; Intel Mac OS X 10_15_7) AppleWebKit/537.36 (KHTML, like Gecko) Chrome/90.0.4430.212 Safari/537.36"
::1 - - [26/May/2021:18:51:42 +0000] "GET /api/v1/rooms/:id/members HTTP/1.1" 404 163 "-" "Mozilla/5.0 (Macintosh; Intel Mac OS X 10_15_7) AppleWebKit/537.36 (KHTML, like Gecko) Chrome/90.0.4430.212 Safari/537.36"
::1 - - [26/May/2021:18:57:54 +0000] "GET /api/v1/rooms HTTP/1.1" 200 122 "-" "Mozilla/5.0 (Macintosh; Intel Mac OS X 10_15_7) AppleWebKit/537.36 (KHTML, like Gecko) Chrome/90.0.4430.212 Safari/537.36"
::1 - - [26/May/2021:18:57:54 +0000] "GET /api/v1/rooms HTTP/1.1" 200 122 "-" "Mozilla/5.0 (Macintosh; Intel Mac OS X 10_15_7) AppleWebKit/537.36 (KHTML, like Gecko) Chrome/90.0.4430.212 Safari/537.36"
::1 - - [26/May/2021:19:57:53 +0000] "GET /api/v1/rooms/%7Bid%7D/members HTTP/1.1" 401 47 "-" "Mozilla/5.0 (Macintosh; Intel Mac OS X 11_3_1) AppleWebKit/537.36 (KHTML, like Gecko) Code/1.56.2 Chrome/89.0.4389.114 Electron/12.0.4 Safari/537.36"
::1 - - [26/May/2021:19:57:53 +0000] "GET /api/v1/rooms/%7Bid%7D/members HTTP/1.1" 401 47 "-" "Mozilla/5.0 (Macintosh; Intel Mac OS X 11_3_1) AppleWebKit/537.36 (KHTML, like Gecko) Code/1.56.2 Chrome/89.0.4389.114 Electron/12.0.4 Safari/537.36"
::1 - - [26/May/2021:19:58:34 +0000] "GET /api/v1/rooms/%7Bid%7D/members HTTP/1.1" 401 47 "-" "Mozilla/5.0 (Macintosh; Intel Mac OS X 10_15_7) AppleWebKit/537.36 (KHTML, like Gecko) Chrome/90.0.4430.212 Safari/537.36"
::1 - - [26/May/2021:19:58:34 +0000] "GET /api/v1/rooms/%7Bid%7D/members HTTP/1.1" 401 47 "-" "Mozilla/5.0 (Macintosh; Intel Mac OS X 10_15_7) AppleWebKit/537.36 (KHTML, like Gecko) Chrome/90.0.4430.212 Safari/537.36"
::1 - - [26/May/2021:19:59:21 +0000] "GET /api/v1/rooms/%7Bid%7D/members HTTP/1.1" 404 168 "-" "Mozilla/5.0 (Macintosh; Intel Mac OS X 10_15_7) AppleWebKit/537.36 (KHTML, like Gecko) Chrome/90.0.4430.212 Safari/537.36"
::1 - - [26/May/2021:19:59:21 +0000] "GET /api/v1/rooms/%7Bid%7D/members HTTP/1.1" 404 168 "-" "Mozilla/5.0 (Macintosh; Intel Mac OS X 10_15_7) AppleWebKit/537.36 (KHTML, like Gecko) Chrome/90.0.4430.212 Safari/537.36"
::1 - - [26/May/2021:20:29:44 +0000] "GET /api/v1/rooms/80/members HTTP/1.1" 200 417 "-" "Mozilla/5.0 (Macintosh; Intel Mac OS X 10_15_7) AppleWebKit/537.36 (KHTML, like Gecko) Chrome/90.0.4430.212 Safari/537.36"
::1 - - [26/May/2021:20:29:44 +0000] "GET /api/v1/rooms/80/members HTTP/1.1" 200 417 "-" "Mozilla/5.0 (Macintosh; Intel Mac OS X 10_15_7) AppleWebKit/537.36 (KHTML, like Gecko) Chrome/90.0.4430.212 Safari/537.36"
::1 - - [26/May/2021:20:33:42 +0000] "GET /api/v1/rooms/80/members HTTP/1.1" 304 - "-" "Mozilla/5.0 (Macintosh; Intel Mac OS X 10_15_7) AppleWebKit/537.36 (KHTML, like Gecko) Chrome/90.0.4430.212 Safari/537.36"
::1 - - [26/May/2021:20:33:42 +0000] "GET /api/v1/rooms/80/members HTTP/1.1" 304 - "-" "Mozilla/5.0 (Macintosh; Intel Mac OS X 10_15_7) AppleWebKit/537.36 (KHTML, like Gecko) Chrome/90.0.4430.212 Safari/537.36"
::1 - - [26/May/2021:20:34:37 +0000] "GET /api/v1/rooms/80/members HTTP/1.1" 304 - "-" "Mozilla/5.0 (Macintosh; Intel Mac OS X 10_15_7) AppleWebKit/537.36 (KHTML, like Gecko) Chrome/90.0.4430.212 Safari/537.36"
::1 - - [26/May/2021:20:34:37 +0000] "GET /api/v1/rooms/80/members HTTP/1.1" 304 - "-" "Mozilla/5.0 (Macintosh; Intel Mac OS X 10_15_7) AppleWebKit/537.36 (KHTML, like Gecko) Chrome/90.0.4430.212 Safari/537.36"
::1 - - [26/May/2021:20:44:37 +0000] "GET /api/v1/user HTTP/1.1" 201 101 "-" "Mozilla/5.0 (Macintosh; Intel Mac OS X 10_15_7) AppleWebKit/537.36 (KHTML, like Gecko) Chrome/90.0.4430.212 Safari/537.36"
::1 - - [26/May/2021:20:44:37 +0000] "GET /api/v1/user HTTP/1.1" 201 101 "-" "Mozilla/5.0 (Macintosh; Intel Mac OS X 10_15_7) AppleWebKit/537.36 (KHTML, like Gecko) Chrome/90.0.4430.212 Safari/537.36"
::1 - - [26/May/2021:20:45:56 +0000] "POST /api/v1/signup HTTP/1.1" 500 123 "-" "Mozilla/5.0 (Macintosh; Intel Mac OS X 10_15_7) AppleWebKit/537.36 (KHTML, like Gecko) Chrome/90.0.4430.212 Safari/537.36"
::1 - - [26/May/2021:20:45:56 +0000] "POST /api/v1/signup HTTP/1.1" 500 123 "-" "Mozilla/5.0 (Macintosh; Intel Mac OS X 10_15_7) AppleWebKit/537.36 (KHTML, like Gecko) Chrome/90.0.4430.212 Safari/537.36"
::1 - - [26/May/2021:20:54:42 +0000] "POST /api/v1/signup HTTP/1.1" 201 293 "-" "Mozilla/5.0 (Macintosh; Intel Mac OS X 10_15_7) AppleWebKit/537.36 (KHTML, like Gecko) Chrome/90.0.4430.212 Safari/537.36"
::1 - - [26/May/2021:20:54:42 +0000] "POST /api/v1/signup HTTP/1.1" 201 293 "-" "Mozilla/5.0 (Macintosh; Intel Mac OS X 10_15_7) AppleWebKit/537.36 (KHTML, like Gecko) Chrome/90.0.4430.212 Safari/537.36"
::1 - - [26/May/2021:21:12:55 +0000] "GET /api/v1/rooms/80/members HTTP/1.1" 500 95 "-" "Mozilla/5.0 (Macintosh; Intel Mac OS X 10_15_7) AppleWebKit/537.36 (KHTML, like Gecko) Chrome/90.0.4430.212 Safari/537.36"
::1 - - [26/May/2021:21:12:55 +0000] "GET /api/v1/rooms/80/members HTTP/1.1" 500 95 "-" "Mozilla/5.0 (Macintosh; Intel Mac OS X 10_15_7) AppleWebKit/537.36 (KHTML, like Gecko) Chrome/90.0.4430.212 Safari/537.36"
::1 - - [26/May/2021:21:13:07 +0000] "POST /api/v1/signin HTTP/1.1" 200 382 "-" "insomnia/2021.3.0"
::1 - - [26/May/2021:21:13:07 +0000] "POST /api/v1/signin HTTP/1.1" 200 382 "-" "insomnia/2021.3.0"
::1 - - [26/May/2021:21:13:30 +0000] "GET /api/v1/rooms/80/members HTTP/1.1" 200 417 "-" "Mozilla/5.0 (Macintosh; Intel Mac OS X 10_15_7) AppleWebKit/537.36 (KHTML, like Gecko) Chrome/90.0.4430.212 Safari/537.36"
::1 - - [26/May/2021:21:13:30 +0000] "GET /api/v1/rooms/80/members HTTP/1.1" 200 417 "-" "Mozilla/5.0 (Macintosh; Intel Mac OS X 10_15_7) AppleWebKit/537.36 (KHTML, like Gecko) Chrome/90.0.4430.212 Safari/537.36"
::1 - - [26/May/2021:21:19:22 +0000] "POST /api/v1/signin HTTP/1.1" 500 123 "-" "Mozilla/5.0 (Macintosh; Intel Mac OS X 10_15_7) AppleWebKit/537.36 (KHTML, like Gecko) Chrome/90.0.4430.212 Safari/537.36"
::1 - - [26/May/2021:21:19:22 +0000] "POST /api/v1/signin HTTP/1.1" 500 123 "-" "Mozilla/5.0 (Macintosh; Intel Mac OS X 10_15_7) AppleWebKit/537.36 (KHTML, like Gecko) Chrome/90.0.4430.212 Safari/537.36"
::1 - - [26/May/2021:22:04:50 +0000] "POST /api/v1/rooms/%7Bid%7D/addMembers HTTP/1.1" 401 47 "-" "Mozilla/5.0 (Macintosh; Intel Mac OS X 10_15_7) AppleWebKit/537.36 (KHTML, like Gecko) Chrome/90.0.4430.212 Safari/537.36"
::1 - - [26/May/2021:22:04:50 +0000] "POST /api/v1/rooms/%7Bid%7D/addMembers HTTP/1.1" 401 47 "-" "Mozilla/5.0 (Macintosh; Intel Mac OS X 10_15_7) AppleWebKit/537.36 (KHTML, like Gecko) Chrome/90.0.4430.212 Safari/537.36"
::1 - - [26/May/2021:22:05:13 +0000] "POST /api/v1/rooms/%7Bid%7D/addMembers HTTP/1.1" 500 132 "-" "Mozilla/5.0 (Macintosh; Intel Mac OS X 10_15_7) AppleWebKit/537.36 (KHTML, like Gecko) Chrome/90.0.4430.212 Safari/537.36"
::1 - - [26/May/2021:22:05:13 +0000] "POST /api/v1/rooms/%7Bid%7D/addMembers HTTP/1.1" 500 132 "-" "Mozilla/5.0 (Macintosh; Intel Mac OS X 10_15_7) AppleWebKit/537.36 (KHTML, like Gecko) Chrome/90.0.4430.212 Safari/537.36"
::1 - - [26/May/2021:22:07:18 +0000] "POST /api/v1/rooms/80/addMembers HTTP/1.1" 401 47 "-" "Mozilla/5.0 (Macintosh; Intel Mac OS X 10_15_7) AppleWebKit/537.36 (KHTML, like Gecko) Chrome/90.0.4430.212 Safari/537.36"
::1 - - [26/May/2021:22:07:18 +0000] "POST /api/v1/rooms/80/addMembers HTTP/1.1" 401 47 "-" "Mozilla/5.0 (Macintosh; Intel Mac OS X 10_15_7) AppleWebKit/537.36 (KHTML, like Gecko) Chrome/90.0.4430.212 Safari/537.36"
::1 - - [26/May/2021:22:07:43 +0000] "POST /api/v1/rooms/80/addMembers HTTP/1.1" 201 211 "-" "Mozilla/5.0 (Macintosh; Intel Mac OS X 10_15_7) AppleWebKit/537.36 (KHTML, like Gecko) Chrome/90.0.4430.212 Safari/537.36"
::1 - - [26/May/2021:22:07:43 +0000] "POST /api/v1/rooms/80/addMembers HTTP/1.1" 201 211 "-" "Mozilla/5.0 (Macintosh; Intel Mac OS X 10_15_7) AppleWebKit/537.36 (KHTML, like Gecko) Chrome/90.0.4430.212 Safari/537.36"
::1 - - [26/May/2021:22:19:19 +0000] "POST /api/v1/rooms/80/sendMessage HTTP/1.1" 401 47 "-" "Mozilla/5.0 (Macintosh; Intel Mac OS X 10_15_7) AppleWebKit/537.36 (KHTML, like Gecko) Chrome/90.0.4430.212 Safari/537.36"
::1 - - [26/May/2021:22:19:19 +0000] "POST /api/v1/rooms/80/sendMessage HTTP/1.1" 401 47 "-" "Mozilla/5.0 (Macintosh; Intel Mac OS X 10_15_7) AppleWebKit/537.36 (KHTML, like Gecko) Chrome/90.0.4430.212 Safari/537.36"
::1 - - [26/May/2021:22:19:42 +0000] "POST /api/v1/rooms/80/sendMessage HTTP/1.1" 500 166 "-" "Mozilla/5.0 (Macintosh; Intel Mac OS X 10_15_7) AppleWebKit/537.36 (KHTML, like Gecko) Chrome/90.0.4430.212 Safari/537.36"
::1 - - [26/May/2021:22:19:42 +0000] "POST /api/v1/rooms/80/sendMessage HTTP/1.1" 500 166 "-" "Mozilla/5.0 (Macintosh; Intel Mac OS X 10_15_7) AppleWebKit/537.36 (KHTML, like Gecko) Chrome/90.0.4430.212 Safari/537.36"
::1 - - [26/May/2021:22:20:52 +0000] "POST /api/v1/rooms/80/sendMessage HTTP/1.1" 401 47 "-" "Mozilla/5.0 (Macintosh; Intel Mac OS X 10_15_7) AppleWebKit/537.36 (KHTML, like Gecko) Chrome/90.0.4430.212 Safari/537.36"
::1 - - [26/May/2021:22:20:52 +0000] "POST /api/v1/rooms/80/sendMessage HTTP/1.1" 401 47 "-" "Mozilla/5.0 (Macintosh; Intel Mac OS X 10_15_7) AppleWebKit/537.36 (KHTML, like Gecko) Chrome/90.0.4430.212 Safari/537.36"
::1 - - [26/May/2021:22:21:16 +0000] "POST /api/v1/rooms/80/sendMessage HTTP/1.1" 201 142 "-" "Mozilla/5.0 (Macintosh; Intel Mac OS X 10_15_7) AppleWebKit/537.36 (KHTML, like Gecko) Chrome/90.0.4430.212 Safari/537.36"
::1 - - [26/May/2021:22:21:16 +0000] "POST /api/v1/rooms/80/sendMessage HTTP/1.1" 201 142 "-" "Mozilla/5.0 (Macintosh; Intel Mac OS X 10_15_7) AppleWebKit/537.36 (KHTML, like Gecko) Chrome/90.0.4430.212 Safari/537.36"
::1 - - [26/May/2021:22:26:32 +0000] "GET /api/v1/rooms/80/messages HTTP/1.1" 200 126 "-" "Mozilla/5.0 (Macintosh; Intel Mac OS X 10_15_7) AppleWebKit/537.36 (KHTML, like Gecko) Chrome/90.0.4430.212 Safari/537.36"
::1 - - [26/May/2021:22:26:32 +0000] "GET /api/v1/rooms/80/messages HTTP/1.1" 200 126 "-" "Mozilla/5.0 (Macintosh; Intel Mac OS X 10_15_7) AppleWebKit/537.36 (KHTML, like Gecko) Chrome/90.0.4430.212 Safari/537.36"
::1 - - [26/May/2021:22:28:37 +0000] "DELETE /api/v1/rooms/1/ HTTP/1.1" 200 39 "-" "Mozilla/5.0 (Macintosh; Intel Mac OS X 10_15_7) AppleWebKit/537.36 (KHTML, like Gecko) Chrome/90.0.4430.212 Safari/537.36"
::1 - - [26/May/2021:22:28:37 +0000] "DELETE /api/v1/rooms/1/ HTTP/1.1" 200 39 "-" "Mozilla/5.0 (Macintosh; Intel Mac OS X 10_15_7) AppleWebKit/537.36 (KHTML, like Gecko) Chrome/90.0.4430.212 Safari/537.36"
::1 - - [28/May/2021:00:10:55 +0000] "POST /api/v1/signin HTTP/1.1" 200 382 "-" "insomnia/2021.3.0"
::1 - - [28/May/2021:00:10:55 +0000] "POST /api/v1/signin HTTP/1.1" 200 382 "-" "insomnia/2021.3.0"
::1 - - [28/May/2021:00:12:05 +0000] "POST /api/v1/rooms HTTP/1.1" 403 54 "-" "insomnia/2021.3.0"
::1 - - [28/May/2021:00:12:05 +0000] "POST /api/v1/rooms HTTP/1.1" 403 54 "-" "insomnia/2021.3.0"
::1 - - [28/May/2021:00:12:19 +0000] "POST /api/v1/rooms HTTP/1.1" 201 213 "-" "insomnia/2021.3.0"
::1 - - [28/May/2021:00:12:19 +0000] "POST /api/v1/rooms HTTP/1.1" 201 213 "-" "insomnia/2021.3.0"
